21-Nov-2022 15:03:09 INFO - EXCEPTION OCCURED
21-Nov-2022 15:03:09 ERROR - Student already exists
21-Nov-2022 15:05:05 INFO - Application shutdown requested.
21-Nov-2022 15:05:05 INFO - Pausing ProtocolHandler ["http-nio-9098"]
21-Nov-2022 15:05:05 INFO - Stopping service [Tomcat]
21-Nov-2022 15:05:05 INFO - Destroying Spring FrameworkServlet 'dispatcherServlet'
21-Nov-2022 15:05:05 INFO - Stopping ProtocolHandler ["http-nio-9098"]
21-Nov-2022 15:05:05 INFO - Destroying ProtocolHandler ["http-nio-9098"]
21-Nov-2022 15:05:05 INFO - Deregistering service with consul: student-service-9098
21-Nov-2022 15:05:05 INFO - Closing JPA EntityManagerFactory for persistence unit 'default'
21-Nov-2022 15:05:05 INFO - db1 - Shutdown initiated...
21-Nov-2022 15:05:05 INFO - db1 - Shutdown completed.
21-Nov-2022 15:37:56 INFO - HV000001: Hibernate Validator 6.2.5.Final
21-Nov-2022 15:37:56 INFO - Devtools property defaults active! Set 'spring.devtools.add-properties' to 'false' to disable
21-Nov-2022 15:37:57 INFO - Located property source: [BootstrapPropertySource {name='bootstrapProperties-config/student-service/'}, BootstrapPropertySource {name='bootstrapProperties-config/application/'}]
21-Nov-2022 15:37:57 INFO - No active profile set, falling back to 1 default profile: "default"
21-Nov-2022 15:37:59 INFO - Bootstrapping Spring Data JPA repositories in DEFAULT mode.
21-Nov-2022 15:37:59 INFO - Finished Spring Data repository scanning in 205 ms. Found 1 JPA repository interfaces.
21-Nov-2022 15:38:00 INFO - BeanFactory id=1dc4dfbb-cfba-323f-949f-79209d446cd6
21-Nov-2022 15:38:01 INFO - Tomcat initialized with port(s): 9098 (http)
21-Nov-2022 15:38:01 INFO - Initializing ProtocolHandler ["http-nio-9098"]
21-Nov-2022 15:38:01 INFO - Starting service [Tomcat]
21-Nov-2022 15:38:01 INFO - Starting Servlet engine: [Apache Tomcat/9.0.68]
21-Nov-2022 15:38:02 INFO - Initializing Spring embedded WebApplicationContext
21-Nov-2022 15:38:02 INFO - Root WebApplicationContext: initialization completed in 4214 ms
21-Nov-2022 15:38:02 INFO - HHH000204: Processing PersistenceUnitInfo [name: default]
21-Nov-2022 15:38:03 INFO - HHH000412: Hibernate ORM core version 5.6.12.Final
21-Nov-2022 15:38:03 INFO - HCANN000001: Hibernate Commons Annotations {5.1.2.Final}
21-Nov-2022 15:38:03 INFO - db1 - Starting...
21-Nov-2022 15:38:03 INFO - db1 - Start completed.
21-Nov-2022 15:38:03 INFO - HHH000400: Using dialect: org.hibernate.dialect.MySQL8Dialect
21-Nov-2022 15:38:04 INFO - HHH000490: Using JtaPlatform implementation: [org.hibernate.engine.transaction.jta.platform.internal.NoJtaPlatform]
21-Nov-2022 15:38:04 INFO - Initialized JPA EntityManagerFactory for persistence unit 'default'
21-Nov-2022 15:38:05 WARN - spring.jpa.open-in-view is enabled by default. Therefore, database queries may be performed during view rendering. Explicitly configure spring.jpa.open-in-view to disable this warning
21-Nov-2022 15:38:09 INFO - LiveReload server is running on port 35729
21-Nov-2022 15:38:09 WARN - Spring Cloud LoadBalancer is currently working with the default cache. While this cache implementation is useful for development and tests, it's recommended to use Caffeine cache in production.You can switch to using Caffeine cache, by adding it and org.springframework.cache.caffeine.CaffeineCacheManager to the classpath.
21-Nov-2022 15:38:09 INFO - Exposing 1 endpoint(s) beneath base path '/actuator'
21-Nov-2022 15:38:10 INFO - Starting ProtocolHandler ["http-nio-9098"]
21-Nov-2022 15:38:10 INFO - Tomcat started on port(s): 9098 (http) with context path ''
21-Nov-2022 15:38:10 INFO - Registering service with consul: NewService{id='student-service-9098', name='student-service', tags=[], address='DESKTOP-IBOP7EP', meta={secure=false}, port=9098, enableTagOverride=null, check=Check{script='null', dockerContainerID='null', shell='null', interval='10s', ttl='null', http='http://DESKTOP-IBOP7EP:9098/actuator/health', method='null', header={}, tcp='null', timeout='null', deregisterCriticalServiceAfter='null', tlsSkipVerify=null, status='null', grpc='null', grpcUseTLS=null}, checks=null}
21-Nov-2022 15:38:10 INFO - Started StudentApiApplication in 14.625 seconds (JVM running for 16.377)
21-Nov-2022 15:38:10 INFO - runner
21-Nov-2022 15:38:11 INFO - Initializing Spring DispatcherServlet 'dispatcherServlet'
21-Nov-2022 15:38:11 INFO - Initializing Servlet 'dispatcherServlet'
21-Nov-2022 15:38:11 INFO - Completed initialization in 1 ms
21-Nov-2022 15:38:26 INFO - EXCEPTION OCCURED
21-Nov-2022 15:38:26 ERROR - Student already exists
21-Nov-2022 15:38:59 INFO - Application shutdown requested.
21-Nov-2022 15:38:59 INFO - Pausing ProtocolHandler ["http-nio-9098"]
21-Nov-2022 15:38:59 INFO - Stopping service [Tomcat]
21-Nov-2022 15:38:59 INFO - Destroying Spring FrameworkServlet 'dispatcherServlet'
21-Nov-2022 15:38:59 INFO - Stopping ProtocolHandler ["http-nio-9098"]
21-Nov-2022 15:38:59 INFO - Destroying ProtocolHandler ["http-nio-9098"]
21-Nov-2022 15:38:59 INFO - Deregistering service with consul: student-service-9098
21-Nov-2022 15:38:59 INFO - Closing JPA EntityManagerFactory for persistence unit 'default'
21-Nov-2022 15:38:59 INFO - db1 - Shutdown initiated...
21-Nov-2022 15:38:59 INFO - db1 - Shutdown completed.
